[01m[K/home/gabriel/meucantinho/src/hello_world/src/tagarela.cpp:[m[K In function â€˜[01m[Kint main(int, char**)[m[Kâ€™:
[01m[K/home/gabriel/meucantinho/src/hello_world/src/tagarela.cpp:28:3:[m[K [01;31m[Kerror: [m[Kâ€˜[01m[Kloop_rate[m[Kâ€™ was not declared in this scope
   loop_rate.sleep();
[01;32m[K   ^[m[K
make[2]: *** [CMakeFiles/tagarela_node.dir/src/tagarela.cpp.o] Error 1
make[1]: *** [CMakeFiles/tagarela_node.dir/all] Error 2
make[1]: *** Waiting for unfinished jobs....
make: *** [all] Error 2
