[01m[K/home/luan/competicao_workshop/src/desafio/src/resolucao.cpp:[m[K In function â€˜[01m[Kvoid dist_sensor(const ConstPtr&)[m[Kâ€™:
[01m[K/home/luan/competicao_workshop/src/desafio/src/resolucao.cpp:21:2:[m[K [01;31m[Kerror: [m[Kâ€˜[01m[Kcout[m[Kâ€™ was not declared in this scope
  cout << dists->points[0].x << "\n";
[01;32m[K  ^[m[K
[01m[K/home/luan/competicao_workshop/src/desafio/src/resolucao.cpp:21:2:[m[K [01;36m[Knote: [m[Ksuggested alternative:
In file included from [01m[K/opt/ros/kinetic/include/ros/time.h:54:0[m[K,
                 from [01m[K/opt/ros/kinetic/include/ros/ros.h:38[m[K,
                 from [01m[K/home/luan/competicao_workshop/src/desafio/src/resolucao.cpp:1[m[K:
[01m[K/usr/include/c++/5/iostream:61:18:[m[K [01;36m[Knote: [m[K  â€˜[01m[Kstd::cout[m[Kâ€™
   extern ostream cout;  /// Linked to standard output
[01;32m[K                  ^[m[K
make[2]: *** [CMakeFiles/resolucao_node.dir/src/resolucao.cpp.o] Error 1
make[1]: *** [CMakeFiles/resolucao_node.dir/all] Error 2
make: *** [all] Error 2
