[01m[K/home/luan/competicao_workshop/src/desafio/src/resolucao.cpp:[m[K In function â€˜[01m[Kvoid dist_sensor(const ConstPtr&)[m[Kâ€™:
[01m[K/home/luan/competicao_workshop/src/desafio/src/resolucao.cpp:14:47:[m[K [01;31m[Kerror: [m[Kâ€˜[01m[KTwist[m[Kâ€™ is not a member of â€˜[01m[Kgeometry_msgs[m[Kâ€™
  const ros::Publisher controle = nh.advertise<geometry_msgs::Twist>("cmd_vel", 1000); //<tipo_msg>(nome_topico, buffer)
[01;32m[K                                               ^[m[K
[01m[K/home/luan/competicao_workshop/src/desafio/src/resolucao.cpp:14:47:[m[K [01;31m[Kerror: [m[Kâ€˜[01m[KTwist[m[Kâ€™ is not a member of â€˜[01m[Kgeometry_msgs[m[Kâ€™
[01m[K/home/luan/competicao_workshop/src/desafio/src/resolucao.cpp:14:84:[m[K [01;31m[Kerror: [m[Kno matching function for call to â€˜[01m[Kros::NodeHandle::advertise(const char [8], int)[m[Kâ€™
  const ros::Publisher controle = nh.advertise<geometry_msgs::Twist>("cmd_vel", 1000); //<tipo_msg>(nome_topico, buffer)
[01;32m[K                                                                                    ^[m[K
In file included from [01m[K/opt/ros/kinetic/include/ros/ros.h:45:0[m[K,
                 from [01m[K/home/luan/competicao_workshop/src/desafio/src/resolucao.cpp:1[m[K:
[01m[K/opt/ros/kinetic/include/ros/node_handle.h:249:15:[m[K [01;36m[Knote: [m[Kcandidate: template<class M> ros::Publisher ros::NodeHandle::advertise(const string&, uint32_t, bool)
     Publisher advertise(const std::string& topic, uint32_t queue_size, bool latch = false)
[01;32m[K               ^[m[K
[01m[K/opt/ros/kinetic/include/ros/node_handle.h:249:15:[m[K [01;36m[Knote: [m[K  template argument deduction/substitution failed:
[01m[K/home/luan/competicao_workshop/src/desafio/src/resolucao.cpp:14:84:[m[K [01;31m[Kerror: [m[Ktemplate argument 1 is invalid
  const ros::Publisher controle = nh.advertise<geometry_msgs::Twist>("cmd_vel", 1000); //<tipo_msg>(nome_topico, buffer)
[01;32m[K                                                                                    ^[m[K
In file included from [01m[K/opt/ros/kinetic/include/ros/ros.h:45:0[m[K,
                 from [01m[K/home/luan/competicao_workshop/src/desafio/src/resolucao.cpp:1[m[K:
[01m[K/opt/ros/kinetic/include/ros/node_handle.h:315:13:[m[K [01;36m[Knote: [m[Kcandidate: template<class M> ros::Publisher ros::NodeHandle::advertise(const string&, uint32_t, const SubscriberStatusCallback&, const SubscriberStatusCallback&, const VoidConstPtr&, bool)
   Publisher advertise(const std::string& topic, uint32_t queue_size,
[01;32m[K             ^[m[K
[01m[K/opt/ros/kinetic/include/ros/node_handle.h:315:13:[m[K [01;36m[Knote: [m[K  template argument deduction/substitution failed:
[01m[K/home/luan/competicao_workshop/src/desafio/src/resolucao.cpp:14:84:[m[K [01;31m[Kerror: [m[Ktemplate argument 1 is invalid
  const ros::Publisher controle = nh.advertise<geometry_msgs::Twist>("cmd_vel", 1000); //<tipo_msg>(nome_topico, buffer)
[01;32m[K                                                                                    ^[m[K
[01m[K/home/luan/competicao_workshop/src/desafio/src/resolucao.cpp:20:19:[m[K [01;31m[Kerror: [m[Kâ€˜[01m[Kvel[m[Kâ€™ was not declared in this scope
  controle.publish(vel);
[01;32m[K                   ^[m[K
make[2]: *** [CMakeFiles/resolucao_node.dir/src/resolucao.cpp.o] Error 1
make[1]: *** [CMakeFiles/resolucao_node.dir/all] Error 2
make: *** [all] Error 2
