[35m[1mScanning dependencies of target image_converter[0m
[ 50%] [32mBuilding CXX object CMakeFiles/image_converter.dir/src/image_converter.cpp.o[0m
[100%] [32m[1mLinking CXX executable /home/takashi/Desktop/catkin_festo2018/devel/.private/cvbridge_test/lib/cvbridge_test/image_converter[0m
CMakeFiles/image_converter.dir/src/image_converter.cpp.o: In function `ImageConverter::ImageConverter()':
image_converter.cpp:(.text._ZN14ImageConverterC2Ev[_ZN14ImageConverterC5Ev]+0x3f1): undefined reference to `cv::namedWindow(cv::String const&, int)'
CMakeFiles/image_converter.dir/src/image_converter.cpp.o: In function `ImageConverter::~ImageConverter()':
image_converter.cpp:(.text._ZN14ImageConverterD2Ev[_ZN14ImageConverterD5Ev]+0x35): undefined reference to `cv::destroyWindow(cv::String const&)'
CMakeFiles/image_converter.dir/src/image_converter.cpp.o: In function `ImageConverter::imageCb(boost::shared_ptr<sensor_msgs::Image_<std::allocator<void> > const> const&)':
image_converter.cpp:(.text._ZN14ImageConverter7imageCbERKN5boost10shared_ptrIKN11sensor_msgs6Image_ISaIvEEEEE[_ZN14ImageConverter7imageCbERKN5boost10shared_ptrIKN11sensor_msgs6Image_ISaIvEEEEE]+0x1d4): undefined reference to `cv::imshow(cv::String const&, cv::_InputArray const&)'
image_converter.cpp:(.text._ZN14ImageConverter7imageCbERKN5boost10shared_ptrIKN11sensor_msgs6Image_ISaIvEEEEE[_ZN14ImageConverter7imageCbERKN5boost10shared_ptrIKN11sensor_msgs6Image_ISaIvEEEEE]+0x1f9): undefined reference to `cv::waitKey(int)'
collect2: error: ld returned 1 exit status
CMakeFiles/image_converter.dir/build.make:128: recipe for target '/home/takashi/Desktop/catkin_festo2018/devel/.private/cvbridge_test/lib/cvbridge_test/image_converter' failed
make[2]: *** [/home/takashi/Desktop/catkin_festo2018/devel/.private/cvbridge_test/lib/cvbridge_test/image_converter] Error 1
CMakeFiles/Makefile2:67: recipe for target 'CMakeFiles/image_converter.dir/all' failed
make[1]: *** [CMakeFiles/image_converter.dir/all] Error 2
Makefile:138: recipe for target 'all' failed
make: *** [all] Error 2
