In file included from [01m[K/home/takashi/Desktop/catkin_festo2018/src/robotino_node/src/AnalogInputArrayROS.cpp:8:0[m[K:
[01m[K/home/takashi/Desktop/catkin_festo2018/src/robotino_node/include/AnalogInputArrayROS.h:14:42:[m[K [01;31m[Kfatal error: [m[Krobotino_msgs/AnalogReadings.h: No such file or directory
In file included from [01m[K/home/takashi/Desktop/catkin_festo2018/src/robotino_node/include/RobotinoNode.h:11:0[m[K,
                 from [01m[K/home/takashi/Desktop/catkin_festo2018/src/robotino_node/src/robotino_node.cpp:11[m[K:
[01m[K/home/takashi/Desktop/catkin_festo2018/src/robotino_node/include/AnalogInputArrayROS.h:14:42:[m[K [01;31m[Kfatal error: [m[Krobotino_msgs/AnalogReadings.h: No such file or directory
compilation terminated.
compilation terminated.
In file included from [01m[K/home/takashi/Desktop/catkin_festo2018/src/robotino_node/include/RobotinoOdometryNode.h:12:0[m[K,
                 from [01m[K/home/takashi/Desktop/catkin_festo2018/src/robotino_node/src/robotino_odometry_node.cpp:9[m[K:
[01m[K/home/takashi/Desktop/catkin_festo2018/src/robotino_node/include/OdometryROS.h:12:41:[m[K [01;31m[Kfatal error: [m[Krobotino_msgs/ResetOdometry.h: No such file or directory
compilation terminated.
make[2]: *** [CMakeFiles/robotino_node.dir/src/robotino_node.cpp.o] Error 1
make[2]: *** Waiting for unfinished jobs....
make[2]: *** [CMakeFiles/robotino_odometry_node.dir/src/robotino_odometry_node.cpp.o] Error 1
make[2]: *** [CMakeFiles/robotino_node.dir/src/AnalogInputArrayROS.cpp.o] Error 1
make[1]: *** [CMakeFiles/robotino_odometry_node.dir/all] Error 2
make[1]: *** Waiting for unfinished jobs....
make[1]: *** [CMakeFiles/robotino_node.dir/all] Error 2
make: *** [all] Error 2
